<?xml version="1.0" encoding="UTF-8"?>
<!-- Generated by org.testng.reporters.JUnitXMLReporter -->
<testsuite hostname="Jhon1-PC" name="Test" tests="4" failures="2" timestamp="30 Dec 2015 11:36:09 GMT" time="308.97" errors="0">
  <testcase name="AddEmp" time="0.011" classname="day6.AddEmplyoee">
    <failure type="java.lang.NullPointerException">
      <![CDATA[java.lang.NullPointerException
	at org.openqa.selenium.interactions.Actions.<init>(Actions.java:44)
	at day6.AddEmplyoee.AddEmp(AddEmplyoee.java:13)
... Removed 24 stack frames]]>
    </failure>
  </testcase> <!-- AddEmp -->
  <testcase name="Logout" time="0.052" classname="day6.LogOut">
    <failure type="java.lang.NullPointerException">
      <![CDATA[java.lang.NullPointerException
	at day6.LogOut.Logout(LogOut.java:10)
... Removed 24 stack frames]]>
    </failure>
  </testcase> <!-- Logout -->
  <testcase name="LinkTesting" time="253.968" classname="day6.ExcelOperations"/>
  <testcase name="LoginTest" time="44.886" classname="day6.Login"/>
</testsuite> <!-- Test -->
