<html xmlns:math="http://exslt.org/math" xmlns:testng="http://testng.org">
   <head>
      <title>TestNG Results</title>
      <meta http-equiv="content-type" content="text/html; charset=utf-8"></meta>
      <meta http-equiv="pragma" content="no-cache"></meta>
      <meta http-equiv="cache-control" content="max-age=0"></meta>
      <meta http-equiv="cache-control" content="no-cache"></meta>
      <meta http-equiv="cache-control" content="no-store"></meta>
      <LINK rel="stylesheet" href="style.css"></LINK>
      <script type="text/javascript" src="main.js"></script>
   </head>
   <body>
      <table width="100%" style="font-size: 16px; margin-bottom: 10px;" cellspacing="1">
         <tr>
            <td width="100%">
               All methods in suite
               
               <b>Suite</b>
            </td>
            <td style="background-color: #FFBBBB; padding: 3px 3px 3px 0;" align="center">
               <div style="width: 50px;">4</div>
            </td>
            <td style="background-color: lightgreen; padding: 3px 3px 3px 0;" align="center">
               <div style="width: 50px;">1</div>
            </td>
            <td style="background-color: #FFFFBB; padding: 3px 3px 3px 0;" align="center">
               <div style="width: 50px;">0</div>
            </td>
            <td align="center" style="background-color: #eaf0f7; padding: 3px 3px 3px 0;">
               <div style="width: 50px;">5</div>
            </td>
            <td align="center"
                style="font-weight: bold; background-color: #eaf0f7; padding: 3px 3px 3px 0;">
               <div style="width: 50px;">20%</div>
            </td>
            <td style="background-color: #eaf0f7; padding: 3px 3px 3px 0;" align="center"
                nowrap="true">1m
               42s
               
            </td>
         </tr>
      </table>
      <div style="width: 200px;">
         <label for="groupMethodsCheckBox" style="font-weight: bold; margin: 0;">
            <input id="groupMethodsCheckBox" type="checkbox" onclick="switchTestMethodsView(this)"></input>
            Group by class
            
         </label>
         <br></br>
         <label for="methodsFilter_ALL" style="font-weight: bold; margin: 0;">
            <input id="methodsFilter_ALL" type="checkbox"
                   onclick="testMethodsFilterChanged(this, 'ALL')"></input>
            All
            
         </label>
      </div>
      <label for="methodsFilter_FAIL" style="margin-left: 20px;">
         <input id="methodsFilter_FAIL" type="checkbox"
                onclick="testMethodsFilterChanged(this, 'FAIL')"
                checked=""></input>
         Failed
         
      </label>
      <label for="methodsFilter_PASS">
         <input id="methodsFilter_PASS" type="checkbox"
                onclick="testMethodsFilterChanged(this, 'PASS')"
                checked=""></input>
         Passed
         
      </label>
      <label for="methodsFilter_SKIP">
         <input id="methodsFilter_SKIP" type="checkbox"
                onclick="testMethodsFilterChanged(this, 'SKIP')"
                checked=""></input>
         Skipped
         
      </label>
      <label for="methodsFilter_CONF">
         <input id="methodsFilter_CONF" type="checkbox"
                onclick="testMethodsFilterChanged(this, 'CONF')"></input>
         Config
         
      </label>
      <br></br>
      <div id="testMethodsByStatus">
         <table class="testMethodsTable" cellpadding="0" cellspacing="0">
            <tr class="methodsTableHeader">
               <td width="100%">Name</td>
               <td nowrap="true">Started</td>
               <td nowrap="true">Duration</td>
               <td>Exception</td>
            </tr>
            <tr id="day1.WriteinExcel_excellink_byStatus_failed_FAIL1_row"
                class="testMethodStatusFAIL">
               <td width="100%" class="firstMethodCell">
                  <a onclick="toggleDetailsVisibility('day1.WriteinExcel_excellink_byStatus_failed_FAIL1_details')">excellink()</a>
               </td>
               <td nowrap="true">11:59:58</td>
               <td nowrap="true" align="right">7s
                  
               </td>
               <td nowrap="true">
                  <a onclick="toggleDetailsVisibility('day1.WriteinExcel_excellink_byStatus_failed_FAIL1_exception')">org.openqa.selenium.remote.UnreachableBrowserException: 
                     Error communicating with the remote browser. It may have died.
                     Build info: version: '2.48.2', revision: '41bccdd', time: '2015-10-09 19:59:12'
                     System info: host: 'Jhon1-PC', ip: '192.168.1.214', os.name: 'Windows 7', os.arch: 'amd64', os.version: '6.1', java.version:
                     '1.7.0_79'
                     Driver info: driver.version: RemoteWebDriver
                     
                  </a>
                   
                  
               </td>
            </tr>
            <tr>
               <td colspan="4" class="detailsBox">
                  <div id="day1.WriteinExcel_excellink_byStatus_failed_FAIL1_details"
                       class="testMethodDetails">
                     <div>
                        <b>Name: </b>excellink
                     </div>
                     <div>
                        <b>Signature: </b>excellink()[pri:0, instance:day1.WriteinExcel@6516d55f]
                     </div>
                     <div>
                        <b>Start time: </b>11:59:58
                     </div>
                     <div>
                        <b>End time: </b>12:00:06
                     </div>
                     <div>
                        <b>Duration: </b>7s
                        
                     </div>
                  </div>
               </td>
            </tr>
            <tr>
               <td colspan="4" class="detailsBox">
                  <div id="day1.WriteinExcel_excellink_byStatus_failed_FAIL1_exception"
                       class="testMethodDetails">
                     <pre style="padding: 5px; margin: 0;">org.openqa.selenium.remote.UnreachableBrowserException: Error communicating with the remote browser. It may have died.
                        Build info: version: '2.48.2', revision: '41bccdd', time: '2015-10-09 19:59:12'
                        System info: host: 'Jhon1-PC', ip: '192.168.1.214', os.name: 'Windows 7', os.arch: 'amd64', os.version: '6.1', java.version:
                        '1.7.0_79'
                        Driver info: driver.version: RemoteWebDriver
                        	at org.openqa.selenium.remote.RemoteWebDriver.execute(RemoteWebDriver.java:641)
                        	at org.openqa.selenium.remote.RemoteWebDriver.execute(RemoteWebDriver.java:670)
                        	at org.openqa.selenium.remote.RemoteWebDriver.getCurrentUrl(RemoteWebDriver.java:321)
                        	at day1.WriteinExcel.excellink(WriteinExcel.java:49)
                        	at sun.reflect.NativeMethodAccessorImpl.invoke0(Native Method)
                        	at sun.reflect.NativeMethodAccessorImpl.invoke(Unknown Source)
                        	at sun.reflect.DelegatingMethodAccessorImpl.invoke(Unknown Source)
                        	at java.lang.reflect.Method.invoke(Unknown Source)
                        	at org.testng.internal.MethodInvocationHelper.invokeMethod(MethodInvocationHelper.java:85)
                        	at org.testng.internal.Invoker.invokeMethod(Invoker.java:639)
                        	at org.testng.internal.Invoker.invokeTestMethod(Invoker.java:821)
                        	at org.testng.internal.Invoker.invokeTestMethods(Invoker.java:1131)
                        	at org.testng.internal.TestMethodWorker.invokeTestMethods(TestMethodWorker.java:124)
                        	at org.testng.internal.TestMethodWorker.run(TestMethodWorker.java:108)
                        	at org.testng.TestRunner.privateRun(TestRunner.java:773)
                        	at org.testng.TestRunner.run(TestRunner.java:623)
                        	at org.testng.SuiteRunner.runTest(SuiteRunner.java:357)
                        	at org.testng.SuiteRunner.runSequentially(SuiteRunner.java:352)
                        	at org.testng.SuiteRunner.privateRun(SuiteRunner.java:310)
                        	at org.testng.SuiteRunner.run(SuiteRunner.java:259)
                        	at org.testng.SuiteRunnerWorker.runSuite(SuiteRunnerWorker.java:52)
                        	at org.testng.SuiteRunnerWorker.run(SuiteRunnerWorker.java:86)
                        	at org.testng.TestNG.runSuitesSequentially(TestNG.java:1185)
                        	at org.testng.TestNG.runSuitesLocally(TestNG.java:1110)
                        	at org.testng.TestNG.run(TestNG.java:1018)
                        	at org.testng.remote.RemoteTestNG.run(RemoteTestNG.java:111)
                        	at org.testng.remote.RemoteTestNG.initAndRun(RemoteTestNG.java:204)
                        	at org.testng.remote.RemoteTestNG.main(RemoteTestNG.java:175)
                        Caused by: org.apache.http.conn.HttpHostConnectException: Connect to 127.0.0.1:7057 [/127.0.0.1] failed: Connection refused:
                        connect
                        	at org.apache.http.impl.conn.DefaultHttpClientConnectionOperator.connect(DefaultHttpClientConnectionOperator.java:151)
                        	at org.apache.http.impl.conn.PoolingHttpClientConnectionManager.connect(PoolingHttpClientConnectionManager.java:353)
                        	at org.apache.http.impl.execchain.MainClientExec.establishRoute(MainClientExec.java:380)
                        	at org.apache.http.impl.execchain.MainClientExec.execute(MainClientExec.java:236)
                        	at org.apache.http.impl.execchain.ProtocolExec.execute(ProtocolExec.java:184)
                        	at org.apache.http.impl.execchain.RetryExec.execute(RetryExec.java:88)
                        	at org.apache.http.impl.execchain.RedirectExec.execute(RedirectExec.java:110)
                        	at org.apache.http.impl.client.InternalHttpClient.doExecute(InternalHttpClient.java:184)
                        	at org.apache.http.impl.client.CloseableHttpClient.execute(CloseableHttpClient.java:71)
                        	at org.apache.http.impl.client.CloseableHttpClient.execute(CloseableHttpClient.java:55)
                        	at org.openqa.selenium.remote.internal.ApacheHttpClient.fallBackExecute(ApacheHttpClient.java:143)
                        	at org.openqa.selenium.remote.internal.ApacheHttpClient.execute(ApacheHttpClient.java:89)
                        	at org.openqa.selenium.remote.HttpCommandExecutor.execute(HttpCommandExecutor.java:142)
                        	at org.openqa.selenium.firefox.internal.NewProfileExtensionConnection.execute(NewProfileExtensionConnection.java:170)
                        	at org.openqa.selenium.firefox.FirefoxDriver$LazyCommandExecutor.execute(FirefoxDriver.java:380)
                        	at org.openqa.selenium.remote.RemoteWebDriver.execute(RemoteWebDriver.java:620)
                        	... 27 more
                        Caused by: java.net.ConnectException: Connection refused: connect
                        	at java.net.DualStackPlainSocketImpl.waitForConnect(Native Method)
                        	at java.net.DualStackPlainSocketImpl.socketConnect(Unknown Source)
                        	at java.net.AbstractPlainSocketImpl.doConnect(Unknown Source)
                        	at java.net.AbstractPlainSocketImpl.connectToAddress(Unknown Source)
                        	at java.net.AbstractPlainSocketImpl.connect(Unknown Source)
                        	at java.net.PlainSocketImpl.connect(Unknown Source)
                        	at java.net.SocksSocketImpl.connect(Unknown Source)
                        	at java.net.Socket.connect(Unknown Source)
                        	at org.apache.http.conn.socket.PlainConnectionSocketFactory.connectSocket(PlainConnectionSocketFactory.java:74)
                        	at org.apache.http.impl.conn.DefaultHttpClientConnectionOperator.connect(DefaultHttpClientConnectionOperator.java:134)
                        	... 42 more
                     </pre>
                  </div>
               </td>
            </tr>
            <tr id="day1.DataDrivenTesting_linkRevoking_byStatus_failed_FAIL2_row"
                class="testMethodStatusFAIL">
               <td width="100%" class="firstMethodCell">
                  <a onclick="toggleDetailsVisibility('day1.DataDrivenTesting_linkRevoking_byStatus_failed_FAIL2_details')">linkRevoking()</a>
               </td>
               <td nowrap="true">12:00:54</td>
               <td nowrap="true" align="right">0 ms
                  
               </td>
               <td nowrap="true">
                  <a onclick="toggleDetailsVisibility('day1.DataDrivenTesting_linkRevoking_byStatus_failed_FAIL2_exception')">java.io.FileNotFoundException: 
                     D:\vwenu123\SampleSelenumScripts\bin\com\qedge\excelfiles\links12.xlsx (The system cannot find the path specified)
                     
                  </a>
                   
                  
               </td>
            </tr>
            <tr>
               <td colspan="4" class="detailsBox">
                  <div id="day1.DataDrivenTesting_linkRevoking_byStatus_failed_FAIL2_details"
                       class="testMethodDetails">
                     <div>
                        <b>Name: </b>linkRevoking
                     </div>
                     <div>
                        <b>Signature: </b>linkRevoking()[pri:0, instance:day1.DataDrivenTesting@1398c0b5]
                     </div>
                     <div>
                        <b>Start time: </b>12:00:54
                     </div>
                     <div>
                        <b>End time: </b>12:00:54
                     </div>
                     <div>
                        <b>Duration: </b>0 ms
                        
                     </div>
                  </div>
               </td>
            </tr>
            <tr>
               <td colspan="4" class="detailsBox">
                  <div id="day1.DataDrivenTesting_linkRevoking_byStatus_failed_FAIL2_exception"
                       class="testMethodDetails">
                     <pre style="padding: 5px; margin: 0;">java.io.FileNotFoundException: D:\vwenu123\SampleSelenumScripts\bin\com\qedge\excelfiles\links12.xlsx (The system cannot find
                        the path specified)
                        	at java.io.FileInputStream.open(Native Method)
                        	at java.io.FileInputStream.&lt;init&gt;(Unknown Source)
                        	at java.io.FileInputStream.&lt;init&gt;(Unknown Source)
                        	at day1.DataDrivenTesting.linkRevoking(DataDrivenTesting.java:30)
                        	at sun.reflect.NativeMethodAccessorImpl.invoke0(Native Method)
                        	at sun.reflect.NativeMethodAccessorImpl.invoke(Unknown Source)
                        	at sun.reflect.DelegatingMethodAccessorImpl.invoke(Unknown Source)
                        	at java.lang.reflect.Method.invoke(Unknown Source)
                        	at org.testng.internal.MethodInvocationHelper.invokeMethod(MethodInvocationHelper.java:85)
                        	at org.testng.internal.Invoker.invokeMethod(Invoker.java:639)
                        	at org.testng.internal.Invoker.invokeTestMethod(Invoker.java:821)
                        	at org.testng.internal.Invoker.invokeTestMethods(Invoker.java:1131)
                        	at org.testng.internal.TestMethodWorker.invokeTestMethods(TestMethodWorker.java:124)
                        	at org.testng.internal.TestMethodWorker.run(TestMethodWorker.java:108)
                        	at org.testng.TestRunner.privateRun(TestRunner.java:773)
                        	at org.testng.TestRunner.run(TestRunner.java:623)
                        	at org.testng.SuiteRunner.runTest(SuiteRunner.java:357)
                        	at org.testng.SuiteRunner.runSequentially(SuiteRunner.java:352)
                        	at org.testng.SuiteRunner.privateRun(SuiteRunner.java:310)
                        	at org.testng.SuiteRunner.run(SuiteRunner.java:259)
                        	at org.testng.SuiteRunnerWorker.runSuite(SuiteRunnerWorker.java:52)
                        	at org.testng.SuiteRunnerWorker.run(SuiteRunnerWorker.java:86)
                        	at org.testng.TestNG.runSuitesSequentially(TestNG.java:1185)
                        	at org.testng.TestNG.runSuitesLocally(TestNG.java:1110)
                        	at org.testng.TestNG.run(TestNG.java:1018)
                        	at org.testng.remote.RemoteTestNG.run(RemoteTestNG.java:111)
                        	at org.testng.remote.RemoteTestNG.initAndRun(RemoteTestNG.java:204)
                        	at org.testng.remote.RemoteTestNG.main(RemoteTestNG.java:175)
                     </pre>
                  </div>
               </td>
            </tr>
            <tr id="day1.LinkTesting2_SetUp_byStatus_failed_FAIL3_row"
                class="testMethodStatusFAIL">
               <td width="100%" class="firstMethodCell">
                  <a onclick="toggleDetailsVisibility('day1.LinkTesting2_SetUp_byStatus_failed_FAIL3_details')">SetUp()</a>
               </td>
               <td nowrap="true">12:00:07</td>
               <td nowrap="true" align="right">2s
                  
               </td>
               <td nowrap="true">
                  <a onclick="toggleDetailsVisibility('day1.LinkTesting2_SetUp_byStatus_failed_FAIL3_exception')">org.openqa.selenium.remote.UnreachableBrowserException: 
                     Could not start a new session. Possible causes are invalid address of the remote server or browser start-up failure.
                     Build info: version: '2.48.2', revision: '41bccdd', time: '2015-10-09 19:59:12'
                     System info: host: 'Jhon1-PC', ip: '192.168.1.214', os.name: 'Windows 7', os.arch: 'amd64', os.version: '6.1', java.version:
                     '1.7.0_79'
                     Driver info: driver.version: RemoteWebDriver
                     
                  </a>
                   
                  
               </td>
            </tr>
            <tr>
               <td colspan="4" class="detailsBox">
                  <div id="day1.LinkTesting2_SetUp_byStatus_failed_FAIL3_details"
                       class="testMethodDetails">
                     <div>
                        <b>Name: </b>SetUp
                     </div>
                     <div>
                        <b>Signature: </b>SetUp()[pri:0, instance:day1.LinkTesting2@39117085]
                     </div>
                     <div>
                        <b>Start time: </b>12:00:07
                     </div>
                     <div>
                        <b>End time: </b>12:00:09
                     </div>
                     <div>
                        <b>Duration: </b>2s
                        
                     </div>
                  </div>
               </td>
            </tr>
            <tr>
               <td colspan="4" class="detailsBox">
                  <div id="day1.LinkTesting2_SetUp_byStatus_failed_FAIL3_exception"
                       class="testMethodDetails">
                     <pre style="padding: 5px; margin: 0;">org.openqa.selenium.remote.UnreachableBrowserException: Could not start a new session. Possible causes are invalid address
                        of the remote server or browser start-up failure.
                        Build info: version: '2.48.2', revision: '41bccdd', time: '2015-10-09 19:59:12'
                        System info: host: 'Jhon1-PC', ip: '192.168.1.214', os.name: 'Windows 7', os.arch: 'amd64', os.version: '6.1', java.version:
                        '1.7.0_79'
                        Driver info: driver.version: RemoteWebDriver
                        	at org.openqa.selenium.remote.RemoteWebDriver.execute(RemoteWebDriver.java:641)
                        	at org.openqa.selenium.remote.RemoteWebDriver.startSession(RemoteWebDriver.java:247)
                        	at org.openqa.selenium.remote.RemoteWebDriver.&lt;init&gt;(RemoteWebDriver.java:129)
                        	at org.openqa.selenium.remote.RemoteWebDriver.&lt;init&gt;(RemoteWebDriver.java:156)
                        	at day1.LinkTesting2.SetUp(LinkTesting2.java:22)
                        	at sun.reflect.NativeMethodAccessorImpl.invoke0(Native Method)
                        	at sun.reflect.NativeMethodAccessorImpl.invoke(Unknown Source)
                        	at sun.reflect.DelegatingMethodAccessorImpl.invoke(Unknown Source)
                        	at java.lang.reflect.Method.invoke(Unknown Source)
                        	at org.testng.internal.MethodInvocationHelper.invokeMethod(MethodInvocationHelper.java:85)
                        	at org.testng.internal.Invoker.invokeMethod(Invoker.java:639)
                        	at org.testng.internal.Invoker.invokeTestMethod(Invoker.java:821)
                        	at org.testng.internal.Invoker.invokeTestMethods(Invoker.java:1131)
                        	at org.testng.internal.TestMethodWorker.invokeTestMethods(TestMethodWorker.java:124)
                        	at org.testng.internal.TestMethodWorker.run(TestMethodWorker.java:108)
                        	at org.testng.TestRunner.privateRun(TestRunner.java:773)
                        	at org.testng.TestRunner.run(TestRunner.java:623)
                        	at org.testng.SuiteRunner.runTest(SuiteRunner.java:357)
                        	at org.testng.SuiteRunner.runSequentially(SuiteRunner.java:352)
                        	at org.testng.SuiteRunner.privateRun(SuiteRunner.java:310)
                        	at org.testng.SuiteRunner.run(SuiteRunner.java:259)
                        	at org.testng.SuiteRunnerWorker.runSuite(SuiteRunnerWorker.java:52)
                        	at org.testng.SuiteRunnerWorker.run(SuiteRunnerWorker.java:86)
                        	at org.testng.TestNG.runSuitesSequentially(TestNG.java:1185)
                        	at org.testng.TestNG.runSuitesLocally(TestNG.java:1110)
                        	at org.testng.TestNG.run(TestNG.java:1018)
                        	at org.testng.remote.RemoteTestNG.run(RemoteTestNG.java:111)
                        	at org.testng.remote.RemoteTestNG.initAndRun(RemoteTestNG.java:204)
                        	at org.testng.remote.RemoteTestNG.main(RemoteTestNG.java:175)
                        Caused by: org.apache.http.conn.HttpHostConnectException: Connect to localhost:4444 [localhost/127.0.0.1, localhost/0:0:0:0:0:0:0:1]
                        failed: Connection refused: connect
                        	at org.apache.http.impl.conn.DefaultHttpClientConnectionOperator.connect(DefaultHttpClientConnectionOperator.java:151)
                        	at org.apache.http.impl.conn.PoolingHttpClientConnectionManager.connect(PoolingHttpClientConnectionManager.java:353)
                        	at org.apache.http.impl.execchain.MainClientExec.establishRoute(MainClientExec.java:380)
                        	at org.apache.http.impl.execchain.MainClientExec.execute(MainClientExec.java:236)
                        	at org.apache.http.impl.execchain.ProtocolExec.execute(ProtocolExec.java:184)
                        	at org.apache.http.impl.execchain.RetryExec.execute(RetryExec.java:88)
                        	at org.apache.http.impl.execchain.RedirectExec.execute(RedirectExec.java:110)
                        	at org.apache.http.impl.client.InternalHttpClient.doExecute(InternalHttpClient.java:184)
                        	at org.apache.http.impl.client.CloseableHttpClient.execute(CloseableHttpClient.java:71)
                        	at org.apache.http.impl.client.CloseableHttpClient.execute(CloseableHttpClient.java:55)
                        	at org.openqa.selenium.remote.internal.ApacheHttpClient.fallBackExecute(ApacheHttpClient.java:143)
                        	at org.openqa.selenium.remote.internal.ApacheHttpClient.execute(ApacheHttpClient.java:89)
                        	at org.openqa.selenium.remote.HttpCommandExecutor.execute(HttpCommandExecutor.java:142)
                        	at org.openqa.selenium.remote.RemoteWebDriver.execute(RemoteWebDriver.java:620)
                        	... 28 more
                        Caused by: java.net.ConnectException: Connection refused: connect
                        	at java.net.DualStackPlainSocketImpl.waitForConnect(Native Method)
                        	at java.net.DualStackPlainSocketImpl.socketConnect(Unknown Source)
                        	at java.net.AbstractPlainSocketImpl.doConnect(Unknown Source)
                        	at java.net.AbstractPlainSocketImpl.connectToAddress(Unknown Source)
                        	at java.net.AbstractPlainSocketImpl.connect(Unknown Source)
                        	at java.net.PlainSocketImpl.connect(Unknown Source)
                        	at java.net.SocksSocketImpl.connect(Unknown Source)
                        	at java.net.Socket.connect(Unknown Source)
                        	at org.apache.http.conn.socket.PlainConnectionSocketFactory.connectSocket(PlainConnectionSocketFactory.java:74)
                        	at org.apache.http.impl.conn.DefaultHttpClientConnectionOperator.connect(DefaultHttpClientConnectionOperator.java:134)
                        	... 41 more
                     </pre>
                  </div>
               </td>
            </tr>
            <tr id="day1.LinkTesting1_linktest_byStatus_failed_FAIL4_row"
                class="testMethodStatusFAIL">
               <td width="100%" class="firstMethodCell">
                  <a onclick="toggleDetailsVisibility('day1.LinkTesting1_linktest_byStatus_failed_FAIL4_details')">linktest()</a>
               </td>
               <td nowrap="true">12:00:06</td>
               <td nowrap="true" align="right">518 ms
                  
               </td>
               <td nowrap="true">
                  <a onclick="toggleDetailsVisibility('day1.LinkTesting1_linktest_byStatus_failed_FAIL4_exception')">org.openqa.selenium.NoSuchWindowException: 
                     Window not found. The browser window may have been closed.
                     Command duration or timeout: 55 milliseconds
                     Build info: version: '2.48.2', revision: '41bccdd', time: '2015-10-09 19:59:12'
                     System info: host: 'Jhon1-PC', ip: '192.168.1.214', os.name: 'Windows 7', os.arch: 'amd64', os.version: '6.1', java.version:
                     '1.7.0_79'
                     *** Element info: {Using=tag name, value=a}
                     Session ID: b0bfdac2-219c-4726-8c98-b4e08fcc4232
                     Driver info: org.openqa.selenium.firefox.FirefoxDriver
                     Capabilities [{platform=WINDOWS, acceptSslCerts=true, javascriptEnabled=true, cssSelectorsEnabled=true, databaseEnabled=true,
                     browserName=firefox, handlesAlerts=true, nativeEvents=false, webStorageEnabled=true, rotatable=false, locationContextEnabled=true,
                     applicationCacheEnabled=true, takesScreenshot=true, version=42.0}]
                     
                  </a>
                   
                  
               </td>
            </tr>
            <tr>
               <td colspan="4" class="detailsBox">
                  <div id="day1.LinkTesting1_linktest_byStatus_failed_FAIL4_details"
                       class="testMethodDetails">
                     <div>
                        <b>Name: </b>linktest
                     </div>
                     <div>
                        <b>Signature: </b>linktest()[pri:0, instance:day1.LinkTesting1@1d6e5ecb]
                     </div>
                     <div>
                        <b>Start time: </b>12:00:06
                     </div>
                     <div>
                        <b>End time: </b>12:00:07
                     </div>
                     <div>
                        <b>Duration: </b>518 ms
                        
                     </div>
                  </div>
               </td>
            </tr>
            <tr>
               <td colspan="4" class="detailsBox">
                  <div id="day1.LinkTesting1_linktest_byStatus_failed_FAIL4_exception"
                       class="testMethodDetails">
                     <pre style="padding: 5px; margin: 0;">org.openqa.selenium.NoSuchWindowException: Window not found. The browser window may have been closed.
                        Command duration or timeout: 55 milliseconds
                        Build info: version: '2.48.2', revision: '41bccdd', time: '2015-10-09 19:59:12'
                        System info: host: 'Jhon1-PC', ip: '192.168.1.214', os.name: 'Windows 7', os.arch: 'amd64', os.version: '6.1', java.version:
                        '1.7.0_79'
                        *** Element info: {Using=tag name, value=a}
                        Session ID: b0bfdac2-219c-4726-8c98-b4e08fcc4232
                        Driver info: org.openqa.selenium.firefox.FirefoxDriver
                        Capabilities [{platform=WINDOWS, acceptSslCerts=true, javascriptEnabled=true, cssSelectorsEnabled=true, databaseEnabled=true,
                        browserName=firefox, handlesAlerts=true, nativeEvents=false, webStorageEnabled=true, rotatable=false, locationContextEnabled=true,
                        applicationCacheEnabled=true, takesScreenshot=true, version=42.0}]
                        	at sun.reflect.NativeConstructorAccessorImpl.newInstance0(Native Method)
                        	at sun.reflect.NativeConstructorAccessorImpl.newInstance(Unknown Source)
                        	at sun.reflect.DelegatingConstructorAccessorImpl.newInstance(Unknown Source)
                        	at java.lang.reflect.Constructor.newInstance(Unknown Source)
                        	at org.openqa.selenium.remote.ErrorHandler.createThrowable(ErrorHandler.java:206)
                        	at org.openqa.selenium.remote.ErrorHandler.throwIfResponseFailed(ErrorHandler.java:158)
                        	at org.openqa.selenium.remote.RemoteWebDriver.execute(RemoteWebDriver.java:647)
                        	at org.openqa.selenium.remote.RemoteWebElement.execute(RemoteWebElement.java:326)
                        	at org.openqa.selenium.remote.RemoteWebElement.findElements(RemoteWebElement.java:213)
                        	at org.openqa.selenium.remote.RemoteWebElement.findElementsByTagName(RemoteWebElement.java:319)
                        	at org.openqa.selenium.By$ByTagName.findElements(By.java:327)
                        	at org.openqa.selenium.remote.RemoteWebElement.findElements(RemoteWebElement.java:189)
                        	at day1.LinkTesting1.linktest(LinkTesting1.java:23)
                        	at sun.reflect.NativeMethodAccessorImpl.invoke0(Native Method)
                        	at sun.reflect.NativeMethodAccessorImpl.invoke(Unknown Source)
                        	at sun.reflect.DelegatingMethodAccessorImpl.invoke(Unknown Source)
                        	at java.lang.reflect.Method.invoke(Unknown Source)
                        	at org.testng.internal.MethodInvocationHelper.invokeMethod(MethodInvocationHelper.java:85)
                        	at org.testng.internal.Invoker.invokeMethod(Invoker.java:639)
                        	at org.testng.internal.Invoker.invokeTestMethod(Invoker.java:821)
                        	at org.testng.internal.Invoker.invokeTestMethods(Invoker.java:1131)
                        	at org.testng.internal.TestMethodWorker.invokeTestMethods(TestMethodWorker.java:124)
                        	at org.testng.internal.TestMethodWorker.run(TestMethodWorker.java:108)
                        	at org.testng.TestRunner.privateRun(TestRunner.java:773)
                        	at org.testng.TestRunner.run(TestRunner.java:623)
                        	at org.testng.SuiteRunner.runTest(SuiteRunner.java:357)
                        	at org.testng.SuiteRunner.runSequentially(SuiteRunner.java:352)
                        	at org.testng.SuiteRunner.privateRun(SuiteRunner.java:310)
                        	at org.testng.SuiteRunner.run(SuiteRunner.java:259)
                        	at org.testng.SuiteRunnerWorker.runSuite(SuiteRunnerWorker.java:52)
                        	at org.testng.SuiteRunnerWorker.run(SuiteRunnerWorker.java:86)
                        	at org.testng.TestNG.runSuitesSequentially(TestNG.java:1185)
                        	at org.testng.TestNG.runSuitesLocally(TestNG.java:1110)
                        	at org.testng.TestNG.run(TestNG.java:1018)
                        	at org.testng.remote.RemoteTestNG.run(RemoteTestNG.java:111)
                        	at org.testng.remote.RemoteTestNG.initAndRun(RemoteTestNG.java:204)
                        	at org.testng.remote.RemoteTestNG.main(RemoteTestNG.java:175)
                        Caused by: org.openqa.selenium.NoSuchWindowException: Window not found. The browser window may have been closed.
                        Build info: version: '2.48.2', revision: '41bccdd', time: '2015-10-09 19:59:12'
                        System info: host: 'Jhon1-PC', ip: '192.168.1.214', os.name: 'Windows 7', os.arch: 'amd64', os.version: '6.1', java.version:
                        '1.7.0_79'
                        Driver info: driver.version: unknown
                        	at &lt;anonymous class&gt;.nsCommandProcessor.prototype.execute(file:///C:/Users/Jhon1/AppData/Local/Temp/anonymous9122965044673140547webdriver-profile/extensions/fxdriver@googlecode.com/components/command-processor.js:12602)
                        	at &lt;anonymous class&gt;.Dispatcher.executeAs/&lt;(file:///C:/Users/Jhon1/AppData/Local/Temp/anonymous9122965044673140547webdriver-profile/extensions/fxdriver@googlecode.com/components/driver-component.js:9455)
                        	at &lt;anonymous class&gt;.Resource.prototype.handle(file:///C:/Users/Jhon1/AppData/Local/Temp/anonymous9122965044673140547webdriver-profile/extensions/fxdriver@googlecode.com/components/driver-component.js:9602)
                        	at &lt;anonymous class&gt;.Dispatcher.prototype.dispatch(file:///C:/Users/Jhon1/AppData/Local/Temp/anonymous9122965044673140547webdriver-profile/extensions/fxdriver@googlecode.com/components/driver-component.js:9549)
                        	at &lt;anonymous class&gt;.WebDriverServer/&lt;.handle(file:///C:/Users/Jhon1/AppData/Local/Temp/anonymous9122965044673140547webdriver-profile/extensions/fxdriver@googlecode.com/components/driver-component.js:12390)
                        	at &lt;anonymous class&gt;.createHandlerFunc/&lt;(file:///C:/Users/Jhon1/AppData/Local/Temp/anonymous9122965044673140547webdriver-profile/extensions/fxdriver@googlecode.com/components/httpd.js:2054)
                        	at &lt;anonymous class&gt;.ServerHandler.prototype.handleResponse(file:///C:/Users/Jhon1/AppData/Local/Temp/anonymous9122965044673140547webdriver-profile/extensions/fxdriver@googlecode.com/components/httpd.js:2387)
                        	at &lt;anonymous class&gt;.Connection.prototype.process(file:///C:/Users/Jhon1/AppData/Local/Temp/anonymous9122965044673140547webdriver-profile/extensions/fxdriver@googlecode.com/components/httpd.js:1223)
                        	at &lt;anonymous class&gt;.RequestReader.prototype._handleResponse(file:///C:/Users/Jhon1/AppData/Local/Temp/anonymous9122965044673140547webdriver-profile/extensions/fxdriver@googlecode.com/components/httpd.js:1677)
                        	at &lt;anonymous class&gt;.RequestReader.prototype._processBody(file:///C:/Users/Jhon1/AppData/Local/Temp/anonymous9122965044673140547webdriver-profile/extensions/fxdriver@googlecode.com/components/httpd.js:1525)
                        	at &lt;anonymous class&gt;.RequestReader.prototype.onInputStreamReady(file:///C:/Users/Jhon1/AppData/Local/Temp/anonymous9122965044673140547webdriver-profile/extensions/fxdriver@googlecode.com/components/httpd.js:1393)
                     </pre>
                  </div>
               </td>
            </tr>
            <tr id="day1.DataDrivenTesting_Setup_byStatus_passed_PASS1_row"
                class="testMethodStatusPASS testMethodStatusCONF">
               <td width="100%" class="firstMethodCell">
                  <a onclick="toggleDetailsVisibility('day1.DataDrivenTesting_Setup_byStatus_passed_PASS1_details')">Setup()</a>
               </td>
               <td nowrap="true">11:59:11</td>
               <td nowrap="true" align="right">15s
                  
               </td>
               <td nowrap="true">
                   
                  
               </td>
            </tr>
            <tr>
               <td colspan="4" class="detailsBox">
                  <div id="day1.DataDrivenTesting_Setup_byStatus_passed_PASS1_details"
                       class="testMethodDetails">
                     <div>
                        <b>Name: </b>Setup
                     </div>
                     <div>
                        <b>Signature: </b>Setup()[pri:0, instance:day1.DataDrivenTesting@1398c0b5]
                     </div>
                     <div>
                        <b>Start time: </b>11:59:11
                     </div>
                     <div>
                        <b>End time: </b>11:59:26
                     </div>
                     <div>
                        <b>Duration: </b>15s
                        
                     </div>
                  </div>
               </td>
            </tr>
            <tr></tr>
            <tr id="day1.DataDrivenTesting_Setup_byStatus_passed_PASS2_row"
                class="testMethodStatusPASS testMethodStatusCONF">
               <td width="100%" class="firstMethodCell">
                  <a onclick="toggleDetailsVisibility('day1.DataDrivenTesting_Setup_byStatus_passed_PASS2_details')">Setup()</a>
               </td>
               <td nowrap="true">11:59:26</td>
               <td nowrap="true" align="right">5s
                  
               </td>
               <td nowrap="true">
                   
                  
               </td>
            </tr>
            <tr>
               <td colspan="4" class="detailsBox">
                  <div id="day1.DataDrivenTesting_Setup_byStatus_passed_PASS2_details"
                       class="testMethodDetails">
                     <div>
                        <b>Name: </b>Setup
                     </div>
                     <div>
                        <b>Signature: </b>Setup()[pri:0, instance:day1.LinkTesting1@1d6e5ecb]
                     </div>
                     <div>
                        <b>Start time: </b>11:59:26
                     </div>
                     <div>
                        <b>End time: </b>11:59:31
                     </div>
                     <div>
                        <b>Duration: </b>5s
                        
                     </div>
                  </div>
               </td>
            </tr>
            <tr></tr>
            <tr id="day1.DataDrivenTesting_setup_byStatus_passed_PASS3_row"
                class="testMethodStatusPASS testMethodStatusCONF">
               <td width="100%" class="firstMethodCell">
                  <a onclick="toggleDetailsVisibility('day1.DataDrivenTesting_setup_byStatus_passed_PASS3_details')">setup()</a>
               </td>
               <td nowrap="true">11:59:31</td>
               <td nowrap="true" align="right">26s
                  
               </td>
               <td nowrap="true">
                   
                  
               </td>
            </tr>
            <tr>
               <td colspan="4" class="detailsBox">
                  <div id="day1.DataDrivenTesting_setup_byStatus_passed_PASS3_details"
                       class="testMethodDetails">
                     <div>
                        <b>Name: </b>setup
                     </div>
                     <div>
                        <b>Signature: </b>setup()[pri:0, instance:day1.WriteinExcel@6516d55f]
                     </div>
                     <div>
                        <b>Start time: </b>11:59:31
                     </div>
                     <div>
                        <b>End time: </b>11:59:58
                     </div>
                     <div>
                        <b>Duration: </b>26s
                        
                     </div>
                  </div>
               </td>
            </tr>
            <tr></tr>
            <tr id="day1.LinkTesting3_linktes_byStatus_passed_PASS4_row"
                class="testMethodStatusPASS">
               <td width="100%" class="firstMethodCell">
                  <a onclick="toggleDetailsVisibility('day1.LinkTesting3_linktes_byStatus_passed_PASS4_details')">linktes()</a>
               </td>
               <td nowrap="true">12:00:09</td>
               <td nowrap="true" align="right">45s
                  
               </td>
               <td nowrap="true">
                   
                  
               </td>
            </tr>
            <tr>
               <td colspan="4" class="detailsBox">
                  <div id="day1.LinkTesting3_linktes_byStatus_passed_PASS4_details"
                       class="testMethodDetails">
                     <div>
                        <b>Name: </b>linktes
                     </div>
                     <div>
                        <b>Signature: </b>linktes()[pri:0, instance:day1.LinkTesting3@27f24908]
                     </div>
                     <div>
                        <b>Start time: </b>12:00:09
                     </div>
                     <div>
                        <b>End time: </b>12:00:54
                     </div>
                     <div>
                        <b>Duration: </b>45s
                        
                     </div>
                  </div>
               </td>
            </tr>
            <tr></tr>
         </table>
      </div>
      <div id="testMethodsByClass" style="display: none;">
         <table class="testMethodsTable" cellpadding="0" cellspacing="0">
            <tr>
               <td colspan="4">
                  <h3 style="display: inline;">day1.DataDrivenTesting</h3>
               </td>
            </tr>
            <tr class="methodsTableHeader">
               <td width="100%">Name</td>
               <td nowrap="true">Started</td>
               <td nowrap="true">Duration</td>
               <td>Exception</td>
            </tr>
            <tr id="day1.DataDrivenTesting_Setup_byClass_PASS1_row"
                class="testMethodStatusPASS testMethodStatusCONF">
               <td width="100%" class="firstMethodCell">
                  <a onclick="toggleDetailsVisibility('day1.DataDrivenTesting_Setup_byClass_PASS1_details')">Setup()</a>
               </td>
               <td nowrap="true">11:59:11</td>
               <td nowrap="true" align="right">15s
                  
               </td>
               <td nowrap="true">
                   
                  
               </td>
            </tr>
            <tr>
               <td colspan="4" class="detailsBox">
                  <div id="day1.DataDrivenTesting_Setup_byClass_PASS1_details"
                       class="testMethodDetails">
                     <div>
                        <b>Name: </b>Setup
                     </div>
                     <div>
                        <b>Signature: </b>Setup()[pri:0, instance:day1.DataDrivenTesting@1398c0b5]
                     </div>
                     <div>
                        <b>Start time: </b>11:59:11
                     </div>
                     <div>
                        <b>End time: </b>11:59:26
                     </div>
                     <div>
                        <b>Duration: </b>15s
                        
                     </div>
                  </div>
               </td>
            </tr>
            <tr></tr>
            <tr id="day1.DataDrivenTesting_Setup_byClass_PASS2_row"
                class="testMethodStatusPASS testMethodStatusCONF">
               <td width="100%" class="firstMethodCell">
                  <a onclick="toggleDetailsVisibility('day1.DataDrivenTesting_Setup_byClass_PASS2_details')">Setup()</a>
               </td>
               <td nowrap="true">11:59:26</td>
               <td nowrap="true" align="right">5s
                  
               </td>
               <td nowrap="true">
                   
                  
               </td>
            </tr>
            <tr>
               <td colspan="4" class="detailsBox">
                  <div id="day1.DataDrivenTesting_Setup_byClass_PASS2_details"
                       class="testMethodDetails">
                     <div>
                        <b>Name: </b>Setup
                     </div>
                     <div>
                        <b>Signature: </b>Setup()[pri:0, instance:day1.LinkTesting1@1d6e5ecb]
                     </div>
                     <div>
                        <b>Start time: </b>11:59:26
                     </div>
                     <div>
                        <b>End time: </b>11:59:31
                     </div>
                     <div>
                        <b>Duration: </b>5s
                        
                     </div>
                  </div>
               </td>
            </tr>
            <tr></tr>
            <tr id="day1.DataDrivenTesting_setup_byClass_PASS3_row"
                class="testMethodStatusPASS testMethodStatusCONF">
               <td width="100%" class="firstMethodCell">
                  <a onclick="toggleDetailsVisibility('day1.DataDrivenTesting_setup_byClass_PASS3_details')">setup()</a>
               </td>
               <td nowrap="true">11:59:31</td>
               <td nowrap="true" align="right">26s
                  
               </td>
               <td nowrap="true">
                   
                  
               </td>
            </tr>
            <tr>
               <td colspan="4" class="detailsBox">
                  <div id="day1.DataDrivenTesting_setup_byClass_PASS3_details"
                       class="testMethodDetails">
                     <div>
                        <b>Name: </b>setup
                     </div>
                     <div>
                        <b>Signature: </b>setup()[pri:0, instance:day1.WriteinExcel@6516d55f]
                     </div>
                     <div>
                        <b>Start time: </b>11:59:31
                     </div>
                     <div>
                        <b>End time: </b>11:59:58
                     </div>
                     <div>
                        <b>Duration: </b>26s
                        
                     </div>
                  </div>
               </td>
            </tr>
            <tr></tr>
            <tr id="day1.DataDrivenTesting_linkRevoking_byClass_FAIL4_row"
                class="testMethodStatusFAIL">
               <td width="100%" class="firstMethodCell">
                  <a onclick="toggleDetailsVisibility('day1.DataDrivenTesting_linkRevoking_byClass_FAIL4_details')">linkRevoking()</a>
               </td>
               <td nowrap="true">12:00:54</td>
               <td nowrap="true" align="right">0 ms
                  
               </td>
               <td nowrap="true">
                  <a onclick="toggleDetailsVisibility('day1.DataDrivenTesting_linkRevoking_byClass_FAIL4_exception')">java.io.FileNotFoundException: 
                     D:\vwenu123\SampleSelenumScripts\bin\com\qedge\excelfiles\links12.xlsx (The system cannot find the path specified)
                     
                  </a>
                   
                  
               </td>
            </tr>
            <tr>
               <td colspan="4" class="detailsBox">
                  <div id="day1.DataDrivenTesting_linkRevoking_byClass_FAIL4_details"
                       class="testMethodDetails">
                     <div>
                        <b>Name: </b>linkRevoking
                     </div>
                     <div>
                        <b>Signature: </b>linkRevoking()[pri:0, instance:day1.DataDrivenTesting@1398c0b5]
                     </div>
                     <div>
                        <b>Start time: </b>12:00:54
                     </div>
                     <div>
                        <b>End time: </b>12:00:54
                     </div>
                     <div>
                        <b>Duration: </b>0 ms
                        
                     </div>
                  </div>
               </td>
            </tr>
            <tr>
               <td colspan="4" class="detailsBox">
                  <div id="day1.DataDrivenTesting_linkRevoking_byClass_FAIL4_exception"
                       class="testMethodDetails">
                     <pre style="padding: 5px; margin: 0;">java.io.FileNotFoundException: D:\vwenu123\SampleSelenumScripts\bin\com\qedge\excelfiles\links12.xlsx (The system cannot find
                        the path specified)
                        	at java.io.FileInputStream.open(Native Method)
                        	at java.io.FileInputStream.&lt;init&gt;(Unknown Source)
                        	at java.io.FileInputStream.&lt;init&gt;(Unknown Source)
                        	at day1.DataDrivenTesting.linkRevoking(DataDrivenTesting.java:30)
                        	at sun.reflect.NativeMethodAccessorImpl.invoke0(Native Method)
                        	at sun.reflect.NativeMethodAccessorImpl.invoke(Unknown Source)
                        	at sun.reflect.DelegatingMethodAccessorImpl.invoke(Unknown Source)
                        	at java.lang.reflect.Method.invoke(Unknown Source)
                        	at org.testng.internal.MethodInvocationHelper.invokeMethod(MethodInvocationHelper.java:85)
                        	at org.testng.internal.Invoker.invokeMethod(Invoker.java:639)
                        	at org.testng.internal.Invoker.invokeTestMethod(Invoker.java:821)
                        	at org.testng.internal.Invoker.invokeTestMethods(Invoker.java:1131)
                        	at org.testng.internal.TestMethodWorker.invokeTestMethods(TestMethodWorker.java:124)
                        	at org.testng.internal.TestMethodWorker.run(TestMethodWorker.java:108)
                        	at org.testng.TestRunner.privateRun(TestRunner.java:773)
                        	at org.testng.TestRunner.run(TestRunner.java:623)
                        	at org.testng.SuiteRunner.runTest(SuiteRunner.java:357)
                        	at org.testng.SuiteRunner.runSequentially(SuiteRunner.java:352)
                        	at org.testng.SuiteRunner.privateRun(SuiteRunner.java:310)
                        	at org.testng.SuiteRunner.run(SuiteRunner.java:259)
                        	at org.testng.SuiteRunnerWorker.runSuite(SuiteRunnerWorker.java:52)
                        	at org.testng.SuiteRunnerWorker.run(SuiteRunnerWorker.java:86)
                        	at org.testng.TestNG.runSuitesSequentially(TestNG.java:1185)
                        	at org.testng.TestNG.runSuitesLocally(TestNG.java:1110)
                        	at org.testng.TestNG.run(TestNG.java:1018)
                        	at org.testng.remote.RemoteTestNG.run(RemoteTestNG.java:111)
                        	at org.testng.remote.RemoteTestNG.initAndRun(RemoteTestNG.java:204)
                        	at org.testng.remote.RemoteTestNG.main(RemoteTestNG.java:175)
                     </pre>
                  </div>
               </td>
            </tr>
         </table>
         <br></br>
         <table class="testMethodsTable" cellpadding="0" cellspacing="0">
            <tr>
               <td colspan="4">
                  <h3 style="display: inline;">day1.LinkTesting1</h3>
               </td>
            </tr>
            <tr class="methodsTableHeader">
               <td width="100%">Name</td>
               <td nowrap="true">Started</td>
               <td nowrap="true">Duration</td>
               <td>Exception</td>
            </tr>
            <tr id="day1.LinkTesting1_linktest_byClass_FAIL1_row" class="testMethodStatusFAIL">
               <td width="100%" class="firstMethodCell">
                  <a onclick="toggleDetailsVisibility('day1.LinkTesting1_linktest_byClass_FAIL1_details')">linktest()</a>
               </td>
               <td nowrap="true">12:00:06</td>
               <td nowrap="true" align="right">518 ms
                  
               </td>
               <td nowrap="true">
                  <a onclick="toggleDetailsVisibility('day1.LinkTesting1_linktest_byClass_FAIL1_exception')">org.openqa.selenium.NoSuchWindowException: 
                     Window not found. The browser window may have been closed.
                     Command duration or timeout: 55 milliseconds
                     Build info: version: '2.48.2', revision: '41bccdd', time: '2015-10-09 19:59:12'
                     System info: host: 'Jhon1-PC', ip: '192.168.1.214', os.name: 'Windows 7', os.arch: 'amd64', os.version: '6.1', java.version:
                     '1.7.0_79'
                     *** Element info: {Using=tag name, value=a}
                     Session ID: b0bfdac2-219c-4726-8c98-b4e08fcc4232
                     Driver info: org.openqa.selenium.firefox.FirefoxDriver
                     Capabilities [{platform=WINDOWS, acceptSslCerts=true, javascriptEnabled=true, cssSelectorsEnabled=true, databaseEnabled=true,
                     browserName=firefox, handlesAlerts=true, nativeEvents=false, webStorageEnabled=true, rotatable=false, locationContextEnabled=true,
                     applicationCacheEnabled=true, takesScreenshot=true, version=42.0}]
                     
                  </a>
                   
                  
               </td>
            </tr>
            <tr>
               <td colspan="4" class="detailsBox">
                  <div id="day1.LinkTesting1_linktest_byClass_FAIL1_details" class="testMethodDetails">
                     <div>
                        <b>Name: </b>linktest
                     </div>
                     <div>
                        <b>Signature: </b>linktest()[pri:0, instance:day1.LinkTesting1@1d6e5ecb]
                     </div>
                     <div>
                        <b>Start time: </b>12:00:06
                     </div>
                     <div>
                        <b>End time: </b>12:00:07
                     </div>
                     <div>
                        <b>Duration: </b>518 ms
                        
                     </div>
                  </div>
               </td>
            </tr>
            <tr>
               <td colspan="4" class="detailsBox">
                  <div id="day1.LinkTesting1_linktest_byClass_FAIL1_exception"
                       class="testMethodDetails">
                     <pre style="padding: 5px; margin: 0;">org.openqa.selenium.NoSuchWindowException: Window not found. The browser window may have been closed.
                        Command duration or timeout: 55 milliseconds
                        Build info: version: '2.48.2', revision: '41bccdd', time: '2015-10-09 19:59:12'
                        System info: host: 'Jhon1-PC', ip: '192.168.1.214', os.name: 'Windows 7', os.arch: 'amd64', os.version: '6.1', java.version:
                        '1.7.0_79'
                        *** Element info: {Using=tag name, value=a}
                        Session ID: b0bfdac2-219c-4726-8c98-b4e08fcc4232
                        Driver info: org.openqa.selenium.firefox.FirefoxDriver
                        Capabilities [{platform=WINDOWS, acceptSslCerts=true, javascriptEnabled=true, cssSelectorsEnabled=true, databaseEnabled=true,
                        browserName=firefox, handlesAlerts=true, nativeEvents=false, webStorageEnabled=true, rotatable=false, locationContextEnabled=true,
                        applicationCacheEnabled=true, takesScreenshot=true, version=42.0}]
                        	at sun.reflect.NativeConstructorAccessorImpl.newInstance0(Native Method)
                        	at sun.reflect.NativeConstructorAccessorImpl.newInstance(Unknown Source)
                        	at sun.reflect.DelegatingConstructorAccessorImpl.newInstance(Unknown Source)
                        	at java.lang.reflect.Constructor.newInstance(Unknown Source)
                        	at org.openqa.selenium.remote.ErrorHandler.createThrowable(ErrorHandler.java:206)
                        	at org.openqa.selenium.remote.ErrorHandler.throwIfResponseFailed(ErrorHandler.java:158)
                        	at org.openqa.selenium.remote.RemoteWebDriver.execute(RemoteWebDriver.java:647)
                        	at org.openqa.selenium.remote.RemoteWebElement.execute(RemoteWebElement.java:326)
                        	at org.openqa.selenium.remote.RemoteWebElement.findElements(RemoteWebElement.java:213)
                        	at org.openqa.selenium.remote.RemoteWebElement.findElementsByTagName(RemoteWebElement.java:319)
                        	at org.openqa.selenium.By$ByTagName.findElements(By.java:327)
                        	at org.openqa.selenium.remote.RemoteWebElement.findElements(RemoteWebElement.java:189)
                        	at day1.LinkTesting1.linktest(LinkTesting1.java:23)
                        	at sun.reflect.NativeMethodAccessorImpl.invoke0(Native Method)
                        	at sun.reflect.NativeMethodAccessorImpl.invoke(Unknown Source)
                        	at sun.reflect.DelegatingMethodAccessorImpl.invoke(Unknown Source)
                        	at java.lang.reflect.Method.invoke(Unknown Source)
                        	at org.testng.internal.MethodInvocationHelper.invokeMethod(MethodInvocationHelper.java:85)
                        	at org.testng.internal.Invoker.invokeMethod(Invoker.java:639)
                        	at org.testng.internal.Invoker.invokeTestMethod(Invoker.java:821)
                        	at org.testng.internal.Invoker.invokeTestMethods(Invoker.java:1131)
                        	at org.testng.internal.TestMethodWorker.invokeTestMethods(TestMethodWorker.java:124)
                        	at org.testng.internal.TestMethodWorker.run(TestMethodWorker.java:108)
                        	at org.testng.TestRunner.privateRun(TestRunner.java:773)
                        	at org.testng.TestRunner.run(TestRunner.java:623)
                        	at org.testng.SuiteRunner.runTest(SuiteRunner.java:357)
                        	at org.testng.SuiteRunner.runSequentially(SuiteRunner.java:352)
                        	at org.testng.SuiteRunner.privateRun(SuiteRunner.java:310)
                        	at org.testng.SuiteRunner.run(SuiteRunner.java:259)
                        	at org.testng.SuiteRunnerWorker.runSuite(SuiteRunnerWorker.java:52)
                        	at org.testng.SuiteRunnerWorker.run(SuiteRunnerWorker.java:86)
                        	at org.testng.TestNG.runSuitesSequentially(TestNG.java:1185)
                        	at org.testng.TestNG.runSuitesLocally(TestNG.java:1110)
                        	at org.testng.TestNG.run(TestNG.java:1018)
                        	at org.testng.remote.RemoteTestNG.run(RemoteTestNG.java:111)
                        	at org.testng.remote.RemoteTestNG.initAndRun(RemoteTestNG.java:204)
                        	at org.testng.remote.RemoteTestNG.main(RemoteTestNG.java:175)
                        Caused by: org.openqa.selenium.NoSuchWindowException: Window not found. The browser window may have been closed.
                        Build info: version: '2.48.2', revision: '41bccdd', time: '2015-10-09 19:59:12'
                        System info: host: 'Jhon1-PC', ip: '192.168.1.214', os.name: 'Windows 7', os.arch: 'amd64', os.version: '6.1', java.version:
                        '1.7.0_79'
                        Driver info: driver.version: unknown
                        	at &lt;anonymous class&gt;.nsCommandProcessor.prototype.execute(file:///C:/Users/Jhon1/AppData/Local/Temp/anonymous9122965044673140547webdriver-profile/extensions/fxdriver@googlecode.com/components/command-processor.js:12602)
                        	at &lt;anonymous class&gt;.Dispatcher.executeAs/&lt;(file:///C:/Users/Jhon1/AppData/Local/Temp/anonymous9122965044673140547webdriver-profile/extensions/fxdriver@googlecode.com/components/driver-component.js:9455)
                        	at &lt;anonymous class&gt;.Resource.prototype.handle(file:///C:/Users/Jhon1/AppData/Local/Temp/anonymous9122965044673140547webdriver-profile/extensions/fxdriver@googlecode.com/components/driver-component.js:9602)
                        	at &lt;anonymous class&gt;.Dispatcher.prototype.dispatch(file:///C:/Users/Jhon1/AppData/Local/Temp/anonymous9122965044673140547webdriver-profile/extensions/fxdriver@googlecode.com/components/driver-component.js:9549)
                        	at &lt;anonymous class&gt;.WebDriverServer/&lt;.handle(file:///C:/Users/Jhon1/AppData/Local/Temp/anonymous9122965044673140547webdriver-profile/extensions/fxdriver@googlecode.com/components/driver-component.js:12390)
                        	at &lt;anonymous class&gt;.createHandlerFunc/&lt;(file:///C:/Users/Jhon1/AppData/Local/Temp/anonymous9122965044673140547webdriver-profile/extensions/fxdriver@googlecode.com/components/httpd.js:2054)
                        	at &lt;anonymous class&gt;.ServerHandler.prototype.handleResponse(file:///C:/Users/Jhon1/AppData/Local/Temp/anonymous9122965044673140547webdriver-profile/extensions/fxdriver@googlecode.com/components/httpd.js:2387)
                        	at &lt;anonymous class&gt;.Connection.prototype.process(file:///C:/Users/Jhon1/AppData/Local/Temp/anonymous9122965044673140547webdriver-profile/extensions/fxdriver@googlecode.com/components/httpd.js:1223)
                        	at &lt;anonymous class&gt;.RequestReader.prototype._handleResponse(file:///C:/Users/Jhon1/AppData/Local/Temp/anonymous9122965044673140547webdriver-profile/extensions/fxdriver@googlecode.com/components/httpd.js:1677)
                        	at &lt;anonymous class&gt;.RequestReader.prototype._processBody(file:///C:/Users/Jhon1/AppData/Local/Temp/anonymous9122965044673140547webdriver-profile/extensions/fxdriver@googlecode.com/components/httpd.js:1525)
                        	at &lt;anonymous class&gt;.RequestReader.prototype.onInputStreamReady(file:///C:/Users/Jhon1/AppData/Local/Temp/anonymous9122965044673140547webdriver-profile/extensions/fxdriver@googlecode.com/components/httpd.js:1393)
                     </pre>
                  </div>
               </td>
            </tr>
         </table>
         <br></br>
         <table class="testMethodsTable" cellpadding="0" cellspacing="0">
            <tr>
               <td colspan="4">
                  <h3 style="display: inline;">day1.LinkTesting2</h3>
               </td>
            </tr>
            <tr class="methodsTableHeader">
               <td width="100%">Name</td>
               <td nowrap="true">Started</td>
               <td nowrap="true">Duration</td>
               <td>Exception</td>
            </tr>
            <tr id="day1.LinkTesting2_SetUp_byClass_FAIL1_row" class="testMethodStatusFAIL">
               <td width="100%" class="firstMethodCell">
                  <a onclick="toggleDetailsVisibility('day1.LinkTesting2_SetUp_byClass_FAIL1_details')">SetUp()</a>
               </td>
               <td nowrap="true">12:00:07</td>
               <td nowrap="true" align="right">2s
                  
               </td>
               <td nowrap="true">
                  <a onclick="toggleDetailsVisibility('day1.LinkTesting2_SetUp_byClass_FAIL1_exception')">org.openqa.selenium.remote.UnreachableBrowserException: 
                     Could not start a new session. Possible causes are invalid address of the remote server or browser start-up failure.
                     Build info: version: '2.48.2', revision: '41bccdd', time: '2015-10-09 19:59:12'
                     System info: host: 'Jhon1-PC', ip: '192.168.1.214', os.name: 'Windows 7', os.arch: 'amd64', os.version: '6.1', java.version:
                     '1.7.0_79'
                     Driver info: driver.version: RemoteWebDriver
                     
                  </a>
                   
                  
               </td>
            </tr>
            <tr>
               <td colspan="4" class="detailsBox">
                  <div id="day1.LinkTesting2_SetUp_byClass_FAIL1_details" class="testMethodDetails">
                     <div>
                        <b>Name: </b>SetUp
                     </div>
                     <div>
                        <b>Signature: </b>SetUp()[pri:0, instance:day1.LinkTesting2@39117085]
                     </div>
                     <div>
                        <b>Start time: </b>12:00:07
                     </div>
                     <div>
                        <b>End time: </b>12:00:09
                     </div>
                     <div>
                        <b>Duration: </b>2s
                        
                     </div>
                  </div>
               </td>
            </tr>
            <tr>
               <td colspan="4" class="detailsBox">
                  <div id="day1.LinkTesting2_SetUp_byClass_FAIL1_exception" class="testMethodDetails">
                     <pre style="padding: 5px; margin: 0;">org.openqa.selenium.remote.UnreachableBrowserException: Could not start a new session. Possible causes are invalid address
                        of the remote server or browser start-up failure.
                        Build info: version: '2.48.2', revision: '41bccdd', time: '2015-10-09 19:59:12'
                        System info: host: 'Jhon1-PC', ip: '192.168.1.214', os.name: 'Windows 7', os.arch: 'amd64', os.version: '6.1', java.version:
                        '1.7.0_79'
                        Driver info: driver.version: RemoteWebDriver
                        	at org.openqa.selenium.remote.RemoteWebDriver.execute(RemoteWebDriver.java:641)
                        	at org.openqa.selenium.remote.RemoteWebDriver.startSession(RemoteWebDriver.java:247)
                        	at org.openqa.selenium.remote.RemoteWebDriver.&lt;init&gt;(RemoteWebDriver.java:129)
                        	at org.openqa.selenium.remote.RemoteWebDriver.&lt;init&gt;(RemoteWebDriver.java:156)
                        	at day1.LinkTesting2.SetUp(LinkTesting2.java:22)
                        	at sun.reflect.NativeMethodAccessorImpl.invoke0(Native Method)
                        	at sun.reflect.NativeMethodAccessorImpl.invoke(Unknown Source)
                        	at sun.reflect.DelegatingMethodAccessorImpl.invoke(Unknown Source)
                        	at java.lang.reflect.Method.invoke(Unknown Source)
                        	at org.testng.internal.MethodInvocationHelper.invokeMethod(MethodInvocationHelper.java:85)
                        	at org.testng.internal.Invoker.invokeMethod(Invoker.java:639)
                        	at org.testng.internal.Invoker.invokeTestMethod(Invoker.java:821)
                        	at org.testng.internal.Invoker.invokeTestMethods(Invoker.java:1131)
                        	at org.testng.internal.TestMethodWorker.invokeTestMethods(TestMethodWorker.java:124)
                        	at org.testng.internal.TestMethodWorker.run(TestMethodWorker.java:108)
                        	at org.testng.TestRunner.privateRun(TestRunner.java:773)
                        	at org.testng.TestRunner.run(TestRunner.java:623)
                        	at org.testng.SuiteRunner.runTest(SuiteRunner.java:357)
                        	at org.testng.SuiteRunner.runSequentially(SuiteRunner.java:352)
                        	at org.testng.SuiteRunner.privateRun(SuiteRunner.java:310)
                        	at org.testng.SuiteRunner.run(SuiteRunner.java:259)
                        	at org.testng.SuiteRunnerWorker.runSuite(SuiteRunnerWorker.java:52)
                        	at org.testng.SuiteRunnerWorker.run(SuiteRunnerWorker.java:86)
                        	at org.testng.TestNG.runSuitesSequentially(TestNG.java:1185)
                        	at org.testng.TestNG.runSuitesLocally(TestNG.java:1110)
                        	at org.testng.TestNG.run(TestNG.java:1018)
                        	at org.testng.remote.RemoteTestNG.run(RemoteTestNG.java:111)
                        	at org.testng.remote.RemoteTestNG.initAndRun(RemoteTestNG.java:204)
                        	at org.testng.remote.RemoteTestNG.main(RemoteTestNG.java:175)
                        Caused by: org.apache.http.conn.HttpHostConnectException: Connect to localhost:4444 [localhost/127.0.0.1, localhost/0:0:0:0:0:0:0:1]
                        failed: Connection refused: connect
                        	at org.apache.http.impl.conn.DefaultHttpClientConnectionOperator.connect(DefaultHttpClientConnectionOperator.java:151)
                        	at org.apache.http.impl.conn.PoolingHttpClientConnectionManager.connect(PoolingHttpClientConnectionManager.java:353)
                        	at org.apache.http.impl.execchain.MainClientExec.establishRoute(MainClientExec.java:380)
                        	at org.apache.http.impl.execchain.MainClientExec.execute(MainClientExec.java:236)
                        	at org.apache.http.impl.execchain.ProtocolExec.execute(ProtocolExec.java:184)
                        	at org.apache.http.impl.execchain.RetryExec.execute(RetryExec.java:88)
                        	at org.apache.http.impl.execchain.RedirectExec.execute(RedirectExec.java:110)
                        	at org.apache.http.impl.client.InternalHttpClient.doExecute(InternalHttpClient.java:184)
                        	at org.apache.http.impl.client.CloseableHttpClient.execute(CloseableHttpClient.java:71)
                        	at org.apache.http.impl.client.CloseableHttpClient.execute(CloseableHttpClient.java:55)
                        	at org.openqa.selenium.remote.internal.ApacheHttpClient.fallBackExecute(ApacheHttpClient.java:143)
                        	at org.openqa.selenium.remote.internal.ApacheHttpClient.execute(ApacheHttpClient.java:89)
                        	at org.openqa.selenium.remote.HttpCommandExecutor.execute(HttpCommandExecutor.java:142)
                        	at org.openqa.selenium.remote.RemoteWebDriver.execute(RemoteWebDriver.java:620)
                        	... 28 more
                        Caused by: java.net.ConnectException: Connection refused: connect
                        	at java.net.DualStackPlainSocketImpl.waitForConnect(Native Method)
                        	at java.net.DualStackPlainSocketImpl.socketConnect(Unknown Source)
                        	at java.net.AbstractPlainSocketImpl.doConnect(Unknown Source)
                        	at java.net.AbstractPlainSocketImpl.connectToAddress(Unknown Source)
                        	at java.net.AbstractPlainSocketImpl.connect(Unknown Source)
                        	at java.net.PlainSocketImpl.connect(Unknown Source)
                        	at java.net.SocksSocketImpl.connect(Unknown Source)
                        	at java.net.Socket.connect(Unknown Source)
                        	at org.apache.http.conn.socket.PlainConnectionSocketFactory.connectSocket(PlainConnectionSocketFactory.java:74)
                        	at org.apache.http.impl.conn.DefaultHttpClientConnectionOperator.connect(DefaultHttpClientConnectionOperator.java:134)
                        	... 41 more
                     </pre>
                  </div>
               </td>
            </tr>
         </table>
         <br></br>
         <table class="testMethodsTable" cellpadding="0" cellspacing="0">
            <tr>
               <td colspan="4">
                  <h3 style="display: inline;">day1.LinkTesting3</h3>
               </td>
            </tr>
            <tr class="methodsTableHeader">
               <td width="100%">Name</td>
               <td nowrap="true">Started</td>
               <td nowrap="true">Duration</td>
               <td>Exception</td>
            </tr>
            <tr id="day1.LinkTesting3_linktes_byClass_PASS1_row" class="testMethodStatusPASS">
               <td width="100%" class="firstMethodCell">
                  <a onclick="toggleDetailsVisibility('day1.LinkTesting3_linktes_byClass_PASS1_details')">linktes()</a>
               </td>
               <td nowrap="true">12:00:09</td>
               <td nowrap="true" align="right">45s
                  
               </td>
               <td nowrap="true">
                   
                  
               </td>
            </tr>
            <tr>
               <td colspan="4" class="detailsBox">
                  <div id="day1.LinkTesting3_linktes_byClass_PASS1_details" class="testMethodDetails">
                     <div>
                        <b>Name: </b>linktes
                     </div>
                     <div>
                        <b>Signature: </b>linktes()[pri:0, instance:day1.LinkTesting3@27f24908]
                     </div>
                     <div>
                        <b>Start time: </b>12:00:09
                     </div>
                     <div>
                        <b>End time: </b>12:00:54
                     </div>
                     <div>
                        <b>Duration: </b>45s
                        
                     </div>
                  </div>
               </td>
            </tr>
            <tr></tr>
         </table>
         <br></br>
         <table class="testMethodsTable" cellpadding="0" cellspacing="0">
            <tr>
               <td colspan="4">
                  <h3 style="display: inline;">day1.WriteinExcel</h3>
               </td>
            </tr>
            <tr class="methodsTableHeader">
               <td width="100%">Name</td>
               <td nowrap="true">Started</td>
               <td nowrap="true">Duration</td>
               <td>Exception</td>
            </tr>
            <tr id="day1.WriteinExcel_excellink_byClass_FAIL1_row" class="testMethodStatusFAIL">
               <td width="100%" class="firstMethodCell">
                  <a onclick="toggleDetailsVisibility('day1.WriteinExcel_excellink_byClass_FAIL1_details')">excellink()</a>
               </td>
               <td nowrap="true">11:59:58</td>
               <td nowrap="true" align="right">7s
                  
               </td>
               <td nowrap="true">
                  <a onclick="toggleDetailsVisibility('day1.WriteinExcel_excellink_byClass_FAIL1_exception')">org.openqa.selenium.remote.UnreachableBrowserException: 
                     Error communicating with the remote browser. It may have died.
                     Build info: version: '2.48.2', revision: '41bccdd', time: '2015-10-09 19:59:12'
                     System info: host: 'Jhon1-PC', ip: '192.168.1.214', os.name: 'Windows 7', os.arch: 'amd64', os.version: '6.1', java.version:
                     '1.7.0_79'
                     Driver info: driver.version: RemoteWebDriver
                     
                  </a>
                   
                  
               </td>
            </tr>
            <tr>
               <td colspan="4" class="detailsBox">
                  <div id="day1.WriteinExcel_excellink_byClass_FAIL1_details"
                       class="testMethodDetails">
                     <div>
                        <b>Name: </b>excellink
                     </div>
                     <div>
                        <b>Signature: </b>excellink()[pri:0, instance:day1.WriteinExcel@6516d55f]
                     </div>
                     <div>
                        <b>Start time: </b>11:59:58
                     </div>
                     <div>
                        <b>End time: </b>12:00:06
                     </div>
                     <div>
                        <b>Duration: </b>7s
                        
                     </div>
                  </div>
               </td>
            </tr>
            <tr>
               <td colspan="4" class="detailsBox">
                  <div id="day1.WriteinExcel_excellink_byClass_FAIL1_exception"
                       class="testMethodDetails">
                     <pre style="padding: 5px; margin: 0;">org.openqa.selenium.remote.UnreachableBrowserException: Error communicating with the remote browser. It may have died.
                        Build info: version: '2.48.2', revision: '41bccdd', time: '2015-10-09 19:59:12'
                        System info: host: 'Jhon1-PC', ip: '192.168.1.214', os.name: 'Windows 7', os.arch: 'amd64', os.version: '6.1', java.version:
                        '1.7.0_79'
                        Driver info: driver.version: RemoteWebDriver
                        	at org.openqa.selenium.remote.RemoteWebDriver.execute(RemoteWebDriver.java:641)
                        	at org.openqa.selenium.remote.RemoteWebDriver.execute(RemoteWebDriver.java:670)
                        	at org.openqa.selenium.remote.RemoteWebDriver.getCurrentUrl(RemoteWebDriver.java:321)
                        	at day1.WriteinExcel.excellink(WriteinExcel.java:49)
                        	at sun.reflect.NativeMethodAccessorImpl.invoke0(Native Method)
                        	at sun.reflect.NativeMethodAccessorImpl.invoke(Unknown Source)
                        	at sun.reflect.DelegatingMethodAccessorImpl.invoke(Unknown Source)
                        	at java.lang.reflect.Method.invoke(Unknown Source)
                        	at org.testng.internal.MethodInvocationHelper.invokeMethod(MethodInvocationHelper.java:85)
                        	at org.testng.internal.Invoker.invokeMethod(Invoker.java:639)
                        	at org.testng.internal.Invoker.invokeTestMethod(Invoker.java:821)
                        	at org.testng.internal.Invoker.invokeTestMethods(Invoker.java:1131)
                        	at org.testng.internal.TestMethodWorker.invokeTestMethods(TestMethodWorker.java:124)
                        	at org.testng.internal.TestMethodWorker.run(TestMethodWorker.java:108)
                        	at org.testng.TestRunner.privateRun(TestRunner.java:773)
                        	at org.testng.TestRunner.run(TestRunner.java:623)
                        	at org.testng.SuiteRunner.runTest(SuiteRunner.java:357)
                        	at org.testng.SuiteRunner.runSequentially(SuiteRunner.java:352)
                        	at org.testng.SuiteRunner.privateRun(SuiteRunner.java:310)
                        	at org.testng.SuiteRunner.run(SuiteRunner.java:259)
                        	at org.testng.SuiteRunnerWorker.runSuite(SuiteRunnerWorker.java:52)
                        	at org.testng.SuiteRunnerWorker.run(SuiteRunnerWorker.java:86)
                        	at org.testng.TestNG.runSuitesSequentially(TestNG.java:1185)
                        	at org.testng.TestNG.runSuitesLocally(TestNG.java:1110)
                        	at org.testng.TestNG.run(TestNG.java:1018)
                        	at org.testng.remote.RemoteTestNG.run(RemoteTestNG.java:111)
                        	at org.testng.remote.RemoteTestNG.initAndRun(RemoteTestNG.java:204)
                        	at org.testng.remote.RemoteTestNG.main(RemoteTestNG.java:175)
                        Caused by: org.apache.http.conn.HttpHostConnectException: Connect to 127.0.0.1:7057 [/127.0.0.1] failed: Connection refused:
                        connect
                        	at org.apache.http.impl.conn.DefaultHttpClientConnectionOperator.connect(DefaultHttpClientConnectionOperator.java:151)
                        	at org.apache.http.impl.conn.PoolingHttpClientConnectionManager.connect(PoolingHttpClientConnectionManager.java:353)
                        	at org.apache.http.impl.execchain.MainClientExec.establishRoute(MainClientExec.java:380)
                        	at org.apache.http.impl.execchain.MainClientExec.execute(MainClientExec.java:236)
                        	at org.apache.http.impl.execchain.ProtocolExec.execute(ProtocolExec.java:184)
                        	at org.apache.http.impl.execchain.RetryExec.execute(RetryExec.java:88)
                        	at org.apache.http.impl.execchain.RedirectExec.execute(RedirectExec.java:110)
                        	at org.apache.http.impl.client.InternalHttpClient.doExecute(InternalHttpClient.java:184)
                        	at org.apache.http.impl.client.CloseableHttpClient.execute(CloseableHttpClient.java:71)
                        	at org.apache.http.impl.client.CloseableHttpClient.execute(CloseableHttpClient.java:55)
                        	at org.openqa.selenium.remote.internal.ApacheHttpClient.fallBackExecute(ApacheHttpClient.java:143)
                        	at org.openqa.selenium.remote.internal.ApacheHttpClient.execute(ApacheHttpClient.java:89)
                        	at org.openqa.selenium.remote.HttpCommandExecutor.execute(HttpCommandExecutor.java:142)
                        	at org.openqa.selenium.firefox.internal.NewProfileExtensionConnection.execute(NewProfileExtensionConnection.java:170)
                        	at org.openqa.selenium.firefox.FirefoxDriver$LazyCommandExecutor.execute(FirefoxDriver.java:380)
                        	at org.openqa.selenium.remote.RemoteWebDriver.execute(RemoteWebDriver.java:620)
                        	... 27 more
                        Caused by: java.net.ConnectException: Connection refused: connect
                        	at java.net.DualStackPlainSocketImpl.waitForConnect(Native Method)
                        	at java.net.DualStackPlainSocketImpl.socketConnect(Unknown Source)
                        	at java.net.AbstractPlainSocketImpl.doConnect(Unknown Source)
                        	at java.net.AbstractPlainSocketImpl.connectToAddress(Unknown Source)
                        	at java.net.AbstractPlainSocketImpl.connect(Unknown Source)
                        	at java.net.PlainSocketImpl.connect(Unknown Source)
                        	at java.net.SocksSocketImpl.connect(Unknown Source)
                        	at java.net.Socket.connect(Unknown Source)
                        	at org.apache.http.conn.socket.PlainConnectionSocketFactory.connectSocket(PlainConnectionSocketFactory.java:74)
                        	at org.apache.http.impl.conn.DefaultHttpClientConnectionOperator.connect(DefaultHttpClientConnectionOperator.java:134)
                        	... 42 more
                     </pre>
                  </div>
               </td>
            </tr>
         </table>
         <br></br>
      </div>
      <div style="margin-top: 15px; color: gray; text-align: center; font-size: 9px;">
         Generated with
         
         <a href="http://code.google.com/p/testng-xslt/" style="color: #8888aa;"
            target="_blank">
            TestNG XSLT
            
         </a>
      </div>
   </body>
</html>